<?xml version="1.0" encoding="UTF-8"?>
<testng-results ignored="0" total="2" passed="2" failed="0" skipped="0">
  <reporter-output>
  </reporter-output>
  <suite started-at="2022-05-07T18:34:43 IST" name="Default suite" finished-at="2022-05-07T18:36:57 IST" duration-ms="134074">
    <groups>
    </groups>
    <test started-at="2022-05-07T18:34:43 IST" name="Default test" finished-at="2022-05-07T18:36:57 IST" duration-ms="134074">
      <class name="test.IntradayOrders">
        <test-method is-config="true" signature="launchBrowser()[pri:0, instance:test.IntradayOrders@58695725]" started-at="2022-05-07T18:34:43 IST" name="launchBrowser" finished-at="2022-05-07T18:35:46 IST" duration-ms="62601" status="PASS">
          <reporter-output>
          </reporter-output>
        </test-method> <!-- launchBrowser -->
        <test-method signature="marketOrder(java.lang.String,java.lang.String,java.lang.String)[pri:0, instance:test.IntradayOrders@58695725]" started-at="2022-05-07T18:35:46 IST" name="marketOrder" data-provider="marketorders" finished-at="2022-05-07T18:36:12 IST" duration-ms="26043" status="PASS">
          <params>
            <param index="0">
              <value>
                <![CDATA[TECHM]]>
              </value>
            </param>
            <param index="1">
              <value>
                <![CDATA[BSE]]>
              </value>
            </param>
            <param index="2">
              <value>
                <![CDATA[5]]>
              </value>
            </param>
          </params>
          <reporter-output>
          </reporter-output>
        </test-method> <!-- marketOrder -->
        <test-method is-config="true" signature="launchBrowser()[pri:0, instance:test.IntradayOrders@58695725]" started-at="2022-05-07T18:36:12 IST" name="launchBrowser" finished-at="2022-05-07T18:36:50 IST" duration-ms="38470" status="PASS">
          <reporter-output>
          </reporter-output>
        </test-method> <!-- launchBrowser -->
        <test-method signature="marketOrder(java.lang.String,java.lang.String,java.lang.String)[pri:0, instance:test.IntradayOrders@58695725]" started-at="2022-05-07T18:36:50 IST" name="marketOrder" data-provider="marketorders" finished-at="2022-05-07T18:36:57 IST" duration-ms="6850" status="PASS">
          <params>
            <param index="0">
              <value>
                <![CDATA[TITAN]]>
              </value>
            </param>
            <param index="1">
              <value>
                <![CDATA[NSE]]>
              </value>
            </param>
            <param index="2">
              <value>
                <![CDATA[2]]>
              </value>
            </param>
          </params>
          <reporter-output>
          </reporter-output>
        </test-method> <!-- marketOrder -->
      </class> <!-- test.IntradayOrders -->
    </test> <!-- Default test -->
  </suite> <!-- Default suite -->
</testng-results>
